Running: C:\Xilinx\14.7\ISE_DS\ISE\bin\nt64\unwrapped\fuse.exe -intstyle ise -incremental -o D:/UHU/FC/Practica 6 FC/Practica6_test_isim_beh.exe -prj D:/UHU/FC/Practica 6 FC/Practica6_test_beh.prj work.Practica6_test 
ISim P.20131013 (signature 0x7708f090)
Number of CPUs detected in this system: 12
Turning on mult-threading, number of parallel sub-compilation jobs: 24 
Determining compilation order of HDL files
Parsing VHDL file "D:/UHU/FC/Practica 6 FC/Practica_6.vhd" into library work
Parsing VHDL file "D:/UHU/FC/Practica 6 FC/Practica6_test.vhd" into library work
Starting static elaboration
Completed static elaboration
Compiling package standard
Compiling package std_logic_1164
Compiling package std_logic_arith
Compiling package std_logic_unsigned
Compiling architecture behavioral of entity Practica_6 [practica_6_default]
Compiling architecture behavior of entity practica6_test
Time Resolution for simulation is 1ps.
WARNING:Simulator - Unable to copy libPortabilityNOSH.dll to the simulation executable directory: boost::filesystem::copy_file: El sistema no puede encontrar la ruta especificada, "isim\Practica6_test_isim_beh.exe.sim\libPortability.dll".
Compiled 7 VHDL Units
Built simulation executable D:/UHU/FC/Practica 6 FC/Practica6_test_isim_beh.exe
Fuse Memory Usage: 35324 KB
Fuse CPU Usage: 452 ms
